Removed Member From Class: ClassName=board Member=R1
Removed Member From Class: ClassName=U_isolator_1 Member=R1
Removed Member From Class: ClassName=board Member=R2
Removed Member From Class: ClassName=U_isolator_1 Member=R2
Removed Member From Class: ClassName=U_isolator_1 Member=R3
Removed Member From Class: ClassName=U_isolator_1 Member=R4
Removed Member From Class: ClassName=U_isolator_1 Member=R6
Removed Member From Class: ClassName=U_isolator_2 Member=R6
Removed Member From Class: ClassName=U_isolator_3 Member=R6
Removed Member From Class: ClassName=U_isolator_1 Member=R7
Removed Member From Class: ClassName=U_isolator_2 Member=R7
Removed Member From Class: ClassName=U_isolator_3 Member=R7
Removed Member From Class: ClassName=U_isolator_1 Member=R8
Removed Member From Class: ClassName=U_isolator_2 Member=R8
Removed Member From Class: ClassName=U_isolator_3 Member=R8
Removed Member From Class: ClassName=U_isolator_1 Member=R9
Removed Member From Class: ClassName=U_isolator_2 Member=R9
Removed Member From Class: ClassName=U_isolator_3 Member=R9
Removed Member From Class: ClassName=U_isolator_4 Member=ROE-1_U_isolator_2
Removed Member From Class: ClassName=U_isolator_1 Member=SI8600
Removed Member From Class: ClassName=U_isolator_2 Member=SI8600
Removed Member From Class: ClassName=U_isolator_3 Member=SI8600
Removed Member From Class: ClassName=U_serial_4 Member=U2
Change Component Designator: OldDesignator=R6 NewDesignator=R6_U_isolator_1
Change Component Designator: OldDesignator=R6 NewDesignator=R6_U_isolator_2
Change Component Designator: OldDesignator=R6 NewDesignator=R6_U_isolator_3
Change Component Designator: OldDesignator=R6 NewDesignator=R6_U_isolator_4
Change Component Designator: OldDesignator=R7 NewDesignator=R7_U_isolator_1
Change Component Designator: OldDesignator=R7 NewDesignator=R7_U_isolator_2
Change Component Designator: OldDesignator=R7 NewDesignator=R7_U_isolator_3
Change Component Designator: OldDesignator=R7 NewDesignator=R7_U_isolator_4
Change Component Designator: OldDesignator=R8 NewDesignator=R8_U_isolator_1
Change Component Designator: OldDesignator=R8 NewDesignator=R8_U_isolator_2
Change Component Designator: OldDesignator=R8 NewDesignator=R8_U_isolator_3
Change Component Designator: OldDesignator=R8 NewDesignator=R8_U_isolator_4
Change Component Designator: OldDesignator=R9 NewDesignator=R9_U_isolator_1
Change Component Designator: OldDesignator=R9 NewDesignator=R9_U_isolator_2
Change Component Designator: OldDesignator=R9 NewDesignator=R9_U_isolator_3
Change Component Designator: OldDesignator=R9 NewDesignator=R9_U_isolator_4
Change Component Designator: OldDesignator=ROE-0505 NewDesignator=ROE-1_U_isolator_1
Change Component Designator: OldDesignator=SI8600 NewDesignator=SI1_U_isolator_1
Change Component Designator: OldDesignator=SI8600 NewDesignator=SI1_U_isolator_2
Change Component Designator: OldDesignator=SI8600 NewDesignator=SI1_U_isolator_3
Change Component Designator: OldDesignator=SI8600 NewDesignator=SI1_U_isolator_4
Change Component Designator: OldDesignator=VR2 NewDesignator=VR2_U_isolator_1
Added Member To Class: ClassName=board Member=Component P9 BNC
Added Member To Class: ClassName=board Member=Component R5 Res1
Added Member To Class: ClassName=U_isolator_1 Member=Component R6_U_isolator_1 (R6) Res1
Added Member To Class: ClassName=U_isolator_2 Member=Component R6_U_isolator_2 (R6) Res1
Added Member To Class: ClassName=U_isolator_3 Member=Component R6_U_isolator_3 (R6) Res1
Added Member To Class: ClassName=U_isolator_1 Member=Component R7_U_isolator_1 (R7) Res1
Added Member To Class: ClassName=U_isolator_2 Member=Component R7_U_isolator_2 (R7) Res1
Added Member To Class: ClassName=U_isolator_3 Member=Component R7_U_isolator_3 (R7) Res1
Added Member To Class: ClassName=U_isolator_1 Member=Component R8_U_isolator_1 (R8) Res1
Added Member To Class: ClassName=U_isolator_2 Member=Component R8_U_isolator_2 (R8) Res1
Added Member To Class: ClassName=U_isolator_3 Member=Component R8_U_isolator_3 (R8) Res1
Added Member To Class: ClassName=U_isolator_1 Member=Component R9_U_isolator_1 (R9) Res1
Added Member To Class: ClassName=U_isolator_2 Member=Component R9_U_isolator_2 (R9) Res1
Added Member To Class: ClassName=U_isolator_3 Member=Component R9_U_isolator_3 (R9) Res1
Added Member To Class: ClassName=U_isolator_4 Member=Component ROE-1_U_isolator_4 (ROE-1) U1
Added Member To Class: ClassName=U_isolator_1 Member=Component SI1_U_isolator_1 (SI1) Si8600AC-B-IS
Added Member To Class: ClassName=U_isolator_2 Member=Component SI1_U_isolator_2 (SI1) Si8600AC-B-IS
Added Member To Class: ClassName=U_isolator_3 Member=Component SI1_U_isolator_3 (SI1) Si8600AC-B-IS
