Added Component: Designator=C14_U_isolator_1(RAD-0.3)
Added Component: Designator=C14_U_isolator_2(RAD-0.3)
Added Component: Designator=C14_U_isolator_3(RAD-0.3)
Added Component: Designator=C14_U_isolator_4(RAD-0.3)
Added Component: Designator=C15_U_isolator_1(RAD-0.3)
Added Component: Designator=C15_U_isolator_2(RAD-0.3)
Added Component: Designator=C15_U_isolator_3(RAD-0.3)
Added Component: Designator=C15_U_isolator_4(RAD-0.3)
Added Pin To Net: NetName=NetP1_1 Pin=C14_U_isolator_1-1
Added Pin To Net: NetName=NetP2_1 Pin=C14_U_isolator_1-2
Added Pin To Net: NetName=NetP4_1 Pin=C14_U_isolator_2-1
Added Pin To Net: NetName=NetP5_1 Pin=C14_U_isolator_2-2
Added Pin To Net: NetName=NetP7_1 Pin=C14_U_isolator_3-1
Added Pin To Net: NetName=NetP8_1 Pin=C14_U_isolator_3-2
Added Pin To Net: NetName=NetP10_1 Pin=C14_U_isolator_4-1
Added Pin To Net: NetName=NetP11_1 Pin=C14_U_isolator_4-2
Added Pin To Net: NetName=NetP13_2 Pin=C15_U_isolator_1-1
Added Pin To Net: NetName=NetD1_2 Pin=C15_U_isolator_1-2
Added Pin To Net: NetName=NetP13_2 Pin=C15_U_isolator_2-1
Added Pin To Net: NetName=NetD1_2 Pin=C15_U_isolator_2-2
Added Pin To Net: NetName=NetP13_2 Pin=C15_U_isolator_3-1
Added Pin To Net: NetName=NetD1_2 Pin=C15_U_isolator_3-2
Added Pin To Net: NetName=NetP13_2 Pin=C15_U_isolator_4-1
Added Pin To Net: NetName=NetD1_2 Pin=C15_U_isolator_4-2
Change Net Name : Old Net Name=NetD1_2 New Net Name=NetC15_U_isolator_1_2
Change Net Name : Old Net Name=NetP1_1 New Net Name=NetC14_U_isolator_1_1
Change Net Name : Old Net Name=NetP2_1 New Net Name=NetC14_U_isolator_1_2
Change Net Name : Old Net Name=NetP4_1 New Net Name=NetC14_U_isolator_2_1
Change Net Name : Old Net Name=NetP5_1 New Net Name=NetC14_U_isolator_2_2
Change Net Name : Old Net Name=NetP7_1 New Net Name=NetC14_U_isolator_3_1
Change Net Name : Old Net Name=NetP8_1 New Net Name=NetC14_U_isolator_3_2
Change Net Name : Old Net Name=NetP10_1 New Net Name=NetC14_U_isolator_4_1
Change Net Name : Old Net Name=NetP11_1 New Net Name=NetC14_U_isolator_4_2
Change Net Name : Old Net Name=NetP13_2 New Net Name=NetC15_U_isolator_1_1
Added Member To Class: ClassName=U_isolator_1 Member=Component C14_U_isolator_1 (C14) Cap
Added Member To Class: ClassName=U_isolator_2 Member=Component C14_U_isolator_2 (C14) Cap
Added Member To Class: ClassName=U_isolator_3 Member=Component C14_U_isolator_3 (C14) Cap
Added Member To Class: ClassName=U_isolator_4 Member=Component C14_U_isolator_4 (C14) Cap
Added Member To Class: ClassName=U_isolator_1 Member=Component C15_U_isolator_1 (C15) Cap
Added Member To Class: ClassName=U_isolator_2 Member=Component C15_U_isolator_2 (C15) Cap
Added Member To Class: ClassName=U_isolator_3 Member=Component C15_U_isolator_3 (C15) Cap
Added Member To Class: ClassName=U_isolator_4 Member=Component C15_U_isolator_4 (C15) Cap
