Added Pin To Net: NetName=NetD1_1 Pin=R3-1
Added Pin To Net: NetName=GND Pin=R3-2
Added Pin To Net: NetName=NetR6_U_isolator_3_1 Pin=R6_U_isolator_3-1
Added Pin To Net: NetName=NetD1_2 Pin=R6_U_isolator_3-2
Added Pin To Net: NetName=NetR7_U_isolator_3_1 Pin=R7_U_isolator_3-1
Added Pin To Net: NetName=NetD1_2 Pin=R7_U_isolator_3-2
Added Pin To Net: NetName=NetP13_2 Pin=ROE-1_U_isolator_3-1
Added Pin To Net: NetName=NetD1_2 Pin=ROE-1_U_isolator_3-2
Added Pin To Net: NetName=NetROE-1_U_isolator_3_4 Pin=ROE-1_U_isolator_3-4
Added Pin To Net: NetName=NetD1_2 Pin=SI1_U_isolator_3-1
Added Pin To Net: NetName=NetR7_U_isolator_3_1 Pin=SI1_U_isolator_3-2
Added Pin To Net: NetName=NetR6_U_isolator_3_1 Pin=SI1_U_isolator_3-3
Added Pin To Net: NetName=NetP13_2 Pin=SI1_U_isolator_3-4
Added Pin To Net: NetName=NetROE-1_U_isolator_3_4 Pin=VR2_U_isolator_3-1
Added Member To Class: ClassName=U_isolator_3 Member=Component R6_U_isolator_3 (R6) Res1
Added Member To Class: ClassName=U_isolator_3 Member=Component R7_U_isolator_3 (R7) Res1
Added Member To Class: ClassName=U_isolator_3 Member=Component R8_U_isolator_3 (R8) Res1
Added Member To Class: ClassName=U_isolator_3 Member=Component R9_U_isolator_3 (R9) Res1
Added Member To Class: ClassName=U_isolator_3 Member=Component ROE-1_U_isolator_3 (ROE-1) U1
Added Member To Class: ClassName=U_isolator_3 Member=Component SI1_U_isolator_3 (SI1) Si8600AC-B-IS
Added Member To Class: ClassName=U_isolator_3 Member=Component VR2_U_isolator_3 (VR2) Volt Reg
