Removed Pin From Net: NetName=NetROE-1_U_isolator_1_4 Pin=VR2_U_isolator_1-1
Removed Pin From Net: NetName=NetP1_1 Pin=VR2_U_isolator_1-2
Removed Pin From Net: NetName=NetP2_1 Pin=VR2_U_isolator_1-3
Removed Pin From Net: NetName=NetROE-1_U_isolator_2_4 Pin=VR2_U_isolator_2-1
Removed Pin From Net: NetName=NetP4_1 Pin=VR2_U_isolator_2-2
Removed Pin From Net: NetName=NetP5_1 Pin=VR2_U_isolator_2-3
Removed Pin From Net: NetName=NetROE-1_U_isolator_3_4 Pin=VR2_U_isolator_3-1
Removed Pin From Net: NetName=NetP7_1 Pin=VR2_U_isolator_3-2
Removed Pin From Net: NetName=NetP8_1 Pin=VR2_U_isolator_3-3
Removed Pin From Net: NetName=NetROE-1_U_isolator_4_4 Pin=VR2_U_isolator_4-1
Removed Pin From Net: NetName=NetP10_1 Pin=VR2_U_isolator_4-2
Removed Pin From Net: NetName=NetP11_1 Pin=VR2_U_isolator_4-3
Added Pin To Net: NetName=NetP2_1 Pin=VR2_U_isolator_1-1
Added Pin To Net: NetName=NetROE-1_U_isolator_1_4 Pin=VR2_U_isolator_1-2
Added Pin To Net: NetName=NetP1_1 Pin=VR2_U_isolator_1-3
Added Pin To Net: NetName=NetP5_1 Pin=VR2_U_isolator_2-1
Added Pin To Net: NetName=NetROE-1_U_isolator_2_4 Pin=VR2_U_isolator_2-2
Added Pin To Net: NetName=NetP4_1 Pin=VR2_U_isolator_2-3
Added Pin To Net: NetName=NetP8_1 Pin=VR2_U_isolator_3-1
Added Pin To Net: NetName=NetROE-1_U_isolator_3_4 Pin=VR2_U_isolator_3-2
Added Pin To Net: NetName=NetP7_1 Pin=VR2_U_isolator_3-3
Added Pin To Net: NetName=NetP11_1 Pin=VR2_U_isolator_4-1
Added Pin To Net: NetName=NetROE-1_U_isolator_4_4 Pin=VR2_U_isolator_4-2
Added Pin To Net: NetName=NetP10_1 Pin=VR2_U_isolator_4-3
Added Member To Class: ClassName=U_isolator_1 Member=Component ROE-1_U_isolator_1 (ROE-1) U1
