Change Component Designator: OldDesignator=D1 NewDesignator=D2
Change Component Designator: OldDesignator=D2 NewDesignator=D3
Change Component Designator: OldDesignator=D3 NewDesignator=D1
Change Component Designator: OldDesignator=P1 NewDesignator=P3
Change Component Designator: OldDesignator=P2 NewDesignator=P1
Change Component Designator: OldDesignator=P3 NewDesignator=P2
Change Component Designator: OldDesignator=P4 NewDesignator=P13
Change Component Designator: OldDesignator=P5 NewDesignator=P6
Change Component Designator: OldDesignator=P6 NewDesignator=P4
Change Component Designator: OldDesignator=P7 NewDesignator=P5
Change Component Designator: OldDesignator=P8 NewDesignator=P9
Change Component Designator: OldDesignator=P9 NewDesignator=P7
Change Component Designator: OldDesignator=P10 NewDesignator=P8
Change Component Designator: OldDesignator=P11 NewDesignator=P12
Change Component Designator: OldDesignator=P12 NewDesignator=P10
Change Component Designator: OldDesignator=P13 NewDesignator=P11
Change Component Designator: OldDesignator=R1_U_isolator_1 NewDesignator=R6_U_isolator_1
Change Component Designator: OldDesignator=R1_U_isolator_2 NewDesignator=R6_U_isolator_2
Change Component Designator: OldDesignator=R1_U_isolator_3 NewDesignator=R6_U_isolator_3
Change Component Designator: OldDesignator=R1_U_isolator_4 NewDesignator=R6_U_isolator_4
Change Component Designator: OldDesignator=R2_U_isolator_1 NewDesignator=R7_U_isolator_1
Change Component Designator: OldDesignator=R2_U_isolator_2 NewDesignator=R7_U_isolator_2
Change Component Designator: OldDesignator=R2_U_isolator_3 NewDesignator=R7_U_isolator_3
Change Component Designator: OldDesignator=R2_U_isolator_4 NewDesignator=R7_U_isolator_4
Change Component Designator: OldDesignator=R3_U_isolator_1 NewDesignator=R8_U_isolator_1
Change Component Designator: OldDesignator=R3_U_isolator_2 NewDesignator=R8_U_isolator_2
Change Component Designator: OldDesignator=R3_U_isolator_3 NewDesignator=R8_U_isolator_3
Change Component Designator: OldDesignator=R3_U_isolator_4 NewDesignator=R8_U_isolator_4
Change Component Designator: OldDesignator=R4_U_isolator_1 NewDesignator=R9_U_isolator_1
Change Component Designator: OldDesignator=R4_U_isolator_2 NewDesignator=R9_U_isolator_2
Change Component Designator: OldDesignator=R4_U_isolator_3 NewDesignator=R9_U_isolator_3
Change Component Designator: OldDesignator=R4_U_isolator_4 NewDesignator=R9_U_isolator_4
Change Component Designator: OldDesignator=R5 NewDesignator=R1
Change Component Designator: OldDesignator=R6 NewDesignator=R2
Change Component Designator: OldDesignator=R7 NewDesignator=R4
Change Component Designator: OldDesignator=R8 NewDesignator=R5
Change Component Designator: OldDesignator=R9 NewDesignator=R3
Change Component Designator: OldDesignator=ROE-0505_U_isolator_1 NewDesignator=ROE-1_U_isolator_1
Change Component Designator: OldDesignator=ROE-0505_U_isolator_2 NewDesignator=ROE-1_U_isolator_2
Change Component Designator: OldDesignator=ROE-0505_U_isolator_3 NewDesignator=ROE-1_U_isolator_3
Change Component Designator: OldDesignator=ROE-0505_U_isolator_4 NewDesignator=ROE-1_U_isolator_4
Change Component Designator: OldDesignator=RPI_Header NewDesignator=RPI_Header1
Change Component Designator: OldDesignator=SI8600_U_isolator_1 NewDesignator=SI1_U_isolator_1
Change Component Designator: OldDesignator=SI8600_U_isolator_2 NewDesignator=SI1_U_isolator_2
Change Component Designator: OldDesignator=SI8600_U_isolator_3 NewDesignator=SI1_U_isolator_3
Change Component Designator: OldDesignator=SI8600_U_isolator_4 NewDesignator=SI1_U_isolator_4
Change Component Designator: OldDesignator=U3 NewDesignator=U2
Change Net Name : Old Net Name=NetD1_1 New Net Name=NetD2_1
Change Net Name : Old Net Name=NetD2_1 New Net Name=NetD3_1
Change Net Name : Old Net Name=NetD3_1 New Net Name=NetD1_1
Change Net Name : Old Net Name=NetD3_2 New Net Name=NetD1_2
Change Net Name : Old Net Name=NetP1_1 New Net Name=NetP2_2
Change Net Name : Old Net Name=NetP1_2 New Net Name=NetP2_3
Change Net Name : Old Net Name=NetP2_1 New Net Name=NetP1_1
Change Net Name : Old Net Name=NetP2_2 New Net Name=NetP1_2
Change Net Name : Old Net Name=NetP2_3 New Net Name=NetP1_3
Change Net Name : Old Net Name=NetP3_1 New Net Name=NetP2_1
Change Net Name : Old Net Name=NetP4_2 New Net Name=NetP13_2
Change Net Name : Old Net Name=NetP4_3 New Net Name=NetP13_3
Change Net Name : Old Net Name=NetP4_4 New Net Name=NetP13_4
Change Net Name : Old Net Name=NetP5_1 New Net Name=NetP5_2
Change Net Name : Old Net Name=NetP5_2 New Net Name=NetP5_3
Change Net Name : Old Net Name=NetP6_1 New Net Name=NetP4_1
Change Net Name : Old Net Name=NetP6_2 New Net Name=NetP4_2
Change Net Name : Old Net Name=NetP6_3 New Net Name=NetP4_3
Change Net Name : Old Net Name=NetP7_1 New Net Name=NetP5_1
Change Net Name : Old Net Name=NetP8_1 New Net Name=NetP8_2
Change Net Name : Old Net Name=NetP8_2 New Net Name=NetP8_3
Change Net Name : Old Net Name=NetP9_1 New Net Name=NetP7_1
Change Net Name : Old Net Name=NetP9_2 New Net Name=NetP7_2
Change Net Name : Old Net Name=NetP9_3 New Net Name=NetP7_3
Change Net Name : Old Net Name=NetP10_1 New Net Name=NetP8_1
Change Net Name : Old Net Name=NetP11_1 New Net Name=NetP11_2
Change Net Name : Old Net Name=NetP11_2 New Net Name=NetP11_3
Change Net Name : Old Net Name=NetP12_1 New Net Name=NetP10_1
Change Net Name : Old Net Name=NetP12_2 New Net Name=NetP10_2
Change Net Name : Old Net Name=NetP12_3 New Net Name=NetP10_3
Change Net Name : Old Net Name=NetP13_1 New Net Name=NetP11_1
Change Net Name : Old Net Name=NetR1_U_isolator_1_1 New Net Name=NetR6_U_isolator_1_1
Change Net Name : Old Net Name=NetR1_U_isolator_2_1 New Net Name=NetR6_U_isolator_2_1
Change Net Name : Old Net Name=NetR1_U_isolator_3_1 New Net Name=NetR6_U_isolator_3_1
Change Net Name : Old Net Name=NetR1_U_isolator_4_1 New Net Name=NetR6_U_isolator_4_1
Change Net Name : Old Net Name=NetR2_U_isolator_1_1 New Net Name=NetR7_U_isolator_1_1
Change Net Name : Old Net Name=NetR2_U_isolator_2_1 New Net Name=NetR7_U_isolator_2_1
Change Net Name : Old Net Name=NetR2_U_isolator_3_1 New Net Name=NetR7_U_isolator_3_1
Change Net Name : Old Net Name=NetR2_U_isolator_4_1 New Net Name=NetR7_U_isolator_4_1
Change Net Name : Old Net Name=NetR5_1 New Net Name=NetR1_1
Change Net Name : Old Net Name=NetR6_2 New Net Name=NetR2_2
Change Net Name : Old Net Name=NetU3_15 New Net Name=NetU2_15
Change Net Name : Old Net Name=NetU3_16 New Net Name=NetU2_16
