Added Pin To Net: NetName=NetC14_U_isolator_2_1 Pin=C14_U_isolator_2-1
Added Pin To Net: NetName=NetC14_U_isolator_2_2 Pin=C14_U_isolator_2-2
Added Pin To Net: NetName=NetC14_U_isolator_3_1 Pin=C14_U_isolator_3-1
Added Pin To Net: NetName=NetC14_U_isolator_3_2 Pin=C14_U_isolator_3-2
Added Pin To Net: NetName=NetC14_U_isolator_4_1 Pin=C14_U_isolator_4-1
Added Pin To Net: NetName=NetC14_U_isolator_4_2 Pin=C14_U_isolator_4-2
Added Pin To Net: NetName=NetC15_U_isolator_1_1 Pin=C15_U_isolator_2-1
Added Pin To Net: NetName=NetC15_U_isolator_1_2 Pin=C15_U_isolator_2-2
Added Pin To Net: NetName=NetC15_U_isolator_1_1 Pin=C15_U_isolator_3-1
Added Pin To Net: NetName=NetC15_U_isolator_1_2 Pin=C15_U_isolator_3-2
Added Pin To Net: NetName=NetC15_U_isolator_1_1 Pin=C15_U_isolator_4-1
Added Pin To Net: NetName=NetC15_U_isolator_1_2 Pin=C15_U_isolator_4-2
Added Pin To Net: NetName=NetC14_U_isolator_2_1 Pin=P4-1
Added Pin To Net: NetName=NetP4_2 Pin=P4-2
Added Pin To Net: NetName=NetP4_3 Pin=P4-3
Added Pin To Net: NetName=NetC14_U_isolator_2_2 Pin=P5-1
Added Pin To Net: NetName=NetP5_2 Pin=P5-2
Added Pin To Net: NetName=NetP5_3 Pin=P5-3
Added Pin To Net: NetName=NetP5_2 Pin=P6-1
Added Pin To Net: NetName=NetP5_3 Pin=P6-2
Added Pin To Net: NetName=NetP5_3 Pin=P6-2
Added Pin To Net: NetName=NetP5_3 Pin=P6-2
Added Pin To Net: NetName=NetC14_U_isolator_3_1 Pin=P7-1
Added Pin To Net: NetName=NetP7_2 Pin=P7-2
Added Pin To Net: NetName=NetP7_3 Pin=P7-3
Added Pin To Net: NetName=NetC14_U_isolator_3_2 Pin=P8-1
Added Pin To Net: NetName=NetP8_2 Pin=P8-2
Added Pin To Net: NetName=NetP8_3 Pin=P8-3
Added Pin To Net: NetName=NetP8_2 Pin=P9-1
Added Pin To Net: NetName=NetP8_3 Pin=P9-2
Added Pin To Net: NetName=NetP8_3 Pin=P9-2
Added Pin To Net: NetName=NetP8_3 Pin=P9-2
Added Pin To Net: NetName=NetC14_U_isolator_4_1 Pin=P10-1
Added Pin To Net: NetName=NetP10_2 Pin=P10-2
Added Pin To Net: NetName=NetP10_3 Pin=P10-3
Added Pin To Net: NetName=NetC14_U_isolator_4_2 Pin=P11-1
Added Pin To Net: NetName=NetP11_2 Pin=P11-2
Added Pin To Net: NetName=NetP11_3 Pin=P11-3
Added Pin To Net: NetName=NetP11_2 Pin=P12-1
Added Pin To Net: NetName=NetP11_3 Pin=P12-2
Added Pin To Net: NetName=NetP11_3 Pin=P12-2
Added Pin To Net: NetName=NetP11_3 Pin=P12-2
Added Pin To Net: NetName=NetR6_U_isolator_2_1 Pin=R6_U_isolator_2-1
Added Pin To Net: NetName=NetC15_U_isolator_1_2 Pin=R6_U_isolator_2-2
Added Pin To Net: NetName=NetR6_U_isolator_3_1 Pin=R6_U_isolator_3-1
Added Pin To Net: NetName=NetC15_U_isolator_1_2 Pin=R6_U_isolator_3-2
Added Pin To Net: NetName=NetR6_U_isolator_4_1 Pin=R6_U_isolator_4-1
Added Pin To Net: NetName=NetC15_U_isolator_1_2 Pin=R6_U_isolator_4-2
Added Pin To Net: NetName=NetR7_U_isolator_2_1 Pin=R7_U_isolator_2-1
Added Pin To Net: NetName=NetC15_U_isolator_1_2 Pin=R7_U_isolator_2-2
Added Pin To Net: NetName=NetR7_U_isolator_3_1 Pin=R7_U_isolator_3-1
Added Pin To Net: NetName=NetC15_U_isolator_1_2 Pin=R7_U_isolator_3-2
Added Pin To Net: NetName=NetR7_U_isolator_4_1 Pin=R7_U_isolator_4-1
Added Pin To Net: NetName=NetC15_U_isolator_1_2 Pin=R7_U_isolator_4-2
Added Pin To Net: NetName=NetP4_3 Pin=R8_U_isolator_2-1
Added Pin To Net: NetName=NetC14_U_isolator_2_2 Pin=R8_U_isolator_2-2
Added Pin To Net: NetName=NetP7_3 Pin=R8_U_isolator_3-1
Added Pin To Net: NetName=NetC14_U_isolator_3_2 Pin=R8_U_isolator_3-2
Added Pin To Net: NetName=NetP10_3 Pin=R8_U_isolator_4-1
Added Pin To Net: NetName=NetC14_U_isolator_4_2 Pin=R8_U_isolator_4-2
Added Pin To Net: NetName=NetP4_2 Pin=R9_U_isolator_2-1
Added Pin To Net: NetName=NetC14_U_isolator_2_2 Pin=R9_U_isolator_2-2
Added Pin To Net: NetName=NetP7_2 Pin=R9_U_isolator_3-1
Added Pin To Net: NetName=NetC14_U_isolator_3_2 Pin=R9_U_isolator_3-2
Added Pin To Net: NetName=NetP10_2 Pin=R9_U_isolator_4-1
Added Pin To Net: NetName=NetC14_U_isolator_4_2 Pin=R9_U_isolator_4-2
Added Pin To Net: NetName=NetC15_U_isolator_1_1 Pin=ROE-1_U_isolator_2-1
Added Pin To Net: NetName=NetC15_U_isolator_1_2 Pin=ROE-1_U_isolator_2-2
Added Pin To Net: NetName=NetC14_U_isolator_2_1 Pin=ROE-1_U_isolator_2-3
Added Pin To Net: NetName=NetROE-1_U_isolator_2_4 Pin=ROE-1_U_isolator_2-4
Added Pin To Net: NetName=NetC15_U_isolator_1_1 Pin=ROE-1_U_isolator_3-1
Added Pin To Net: NetName=NetC15_U_isolator_1_2 Pin=ROE-1_U_isolator_3-2
Added Pin To Net: NetName=NetC14_U_isolator_3_1 Pin=ROE-1_U_isolator_3-3
Added Pin To Net: NetName=NetROE-1_U_isolator_3_4 Pin=ROE-1_U_isolator_3-4
Added Pin To Net: NetName=NetC15_U_isolator_1_1 Pin=ROE-1_U_isolator_4-1
Added Pin To Net: NetName=NetC15_U_isolator_1_2 Pin=ROE-1_U_isolator_4-2
Added Pin To Net: NetName=NetC14_U_isolator_4_1 Pin=ROE-1_U_isolator_4-3
Added Pin To Net: NetName=NetROE-1_U_isolator_4_4 Pin=ROE-1_U_isolator_4-4
Added Pin To Net: NetName=NetC15_U_isolator_1_2 Pin=SI1_U_isolator_2-1
Added Pin To Net: NetName=NetR7_U_isolator_2_1 Pin=SI1_U_isolator_2-2
Added Pin To Net: NetName=NetR6_U_isolator_2_1 Pin=SI1_U_isolator_2-3
Added Pin To Net: NetName=NetC15_U_isolator_1_1 Pin=SI1_U_isolator_2-4
Added Pin To Net: NetName=NetC14_U_isolator_2_1 Pin=SI1_U_isolator_2-5
Added Pin To Net: NetName=NetP4_2 Pin=SI1_U_isolator_2-6
Added Pin To Net: NetName=NetP4_3 Pin=SI1_U_isolator_2-7
Added Pin To Net: NetName=NetC14_U_isolator_2_2 Pin=SI1_U_isolator_2-8
Added Pin To Net: NetName=NetC15_U_isolator_1_2 Pin=SI1_U_isolator_3-1
Added Pin To Net: NetName=NetR7_U_isolator_3_1 Pin=SI1_U_isolator_3-2
Added Pin To Net: NetName=NetR6_U_isolator_3_1 Pin=SI1_U_isolator_3-3
Added Pin To Net: NetName=NetC15_U_isolator_1_1 Pin=SI1_U_isolator_3-4
Added Pin To Net: NetName=NetC14_U_isolator_3_1 Pin=SI1_U_isolator_3-5
Added Pin To Net: NetName=NetP7_2 Pin=SI1_U_isolator_3-6
Added Pin To Net: NetName=NetP7_3 Pin=SI1_U_isolator_3-7
Added Pin To Net: NetName=NetC14_U_isolator_3_2 Pin=SI1_U_isolator_3-8
Added Pin To Net: NetName=NetC15_U_isolator_1_2 Pin=SI1_U_isolator_4-1
Added Pin To Net: NetName=NetR7_U_isolator_4_1 Pin=SI1_U_isolator_4-2
Added Pin To Net: NetName=NetR6_U_isolator_4_1 Pin=SI1_U_isolator_4-3
Added Pin To Net: NetName=NetC15_U_isolator_1_1 Pin=SI1_U_isolator_4-4
Added Pin To Net: NetName=NetC14_U_isolator_4_1 Pin=SI1_U_isolator_4-5
Added Pin To Net: NetName=NetP10_2 Pin=SI1_U_isolator_4-6
Added Pin To Net: NetName=NetP10_3 Pin=SI1_U_isolator_4-7
Added Pin To Net: NetName=NetC14_U_isolator_4_2 Pin=SI1_U_isolator_4-8
Added Pin To Net: NetName=NetC14_U_isolator_2_1 Pin=VR2_U_isolator_2-1
Added Pin To Net: NetName=NetC14_U_isolator_2_2 Pin=VR2_U_isolator_2-2
Added Pin To Net: NetName=NetROE-1_U_isolator_2_4 Pin=VR2_U_isolator_2-3
Added Pin To Net: NetName=NetC14_U_isolator_3_1 Pin=VR2_U_isolator_3-1
Added Pin To Net: NetName=NetC14_U_isolator_3_2 Pin=VR2_U_isolator_3-2
Added Pin To Net: NetName=NetROE-1_U_isolator_3_4 Pin=VR2_U_isolator_3-3
Added Pin To Net: NetName=NetC14_U_isolator_4_1 Pin=VR2_U_isolator_4-1
Added Pin To Net: NetName=NetC14_U_isolator_4_2 Pin=VR2_U_isolator_4-2
Added Pin To Net: NetName=NetROE-1_U_isolator_4_4 Pin=VR2_U_isolator_4-3
Added Member To Class: ClassName=U_isolator_3 Member=Component C14_U_isolator_3 (C14) Cap
Added Member To Class: ClassName=U_isolator_4 Member=Component C14_U_isolator_4 (C14) Cap
Added Member To Class: ClassName=U_isolator_3 Member=Component C15_U_isolator_3 (C15) Cap
Added Member To Class: ClassName=U_isolator_4 Member=Component C15_U_isolator_4 (C15) Cap
Added Member To Class: ClassName=board Member=Component P4 Header 3
Added Member To Class: ClassName=board Member=Component P5 Header 3
Added Member To Class: ClassName=board Member=Component P6 BNC
Added Member To Class: ClassName=board Member=Component P7 Header 3
Added Member To Class: ClassName=board Member=Component P8 Header 3
Added Member To Class: ClassName=board Member=Component P9 BNC
Added Member To Class: ClassName=board Member=Component P10 Header 3
Added Member To Class: ClassName=board Member=Component P11 Header 3
Added Member To Class: ClassName=board Member=Component P12 BNC
Added Member To Class: ClassName=U_isolator_3 Member=Component R6_U_isolator_3 (R6) Res1
Added Member To Class: ClassName=U_isolator_4 Member=Component R6_U_isolator_4 (R6) Res1
Added Member To Class: ClassName=U_isolator_3 Member=Component R7_U_isolator_3 (R7) Res1
Added Member To Class: ClassName=U_isolator_4 Member=Component R7_U_isolator_4 (R7) Res1
Added Member To Class: ClassName=U_isolator_3 Member=Component R8_U_isolator_3 (R8) Res1
Added Member To Class: ClassName=U_isolator_4 Member=Component R8_U_isolator_4 (R8) Res1
Added Member To Class: ClassName=U_isolator_3 Member=Component R9_U_isolator_3 (R9) Res1
Added Member To Class: ClassName=U_isolator_4 Member=Component R9_U_isolator_4 (R9) Res1
Added Member To Class: ClassName=U_isolator_3 Member=Component ROE-1_U_isolator_3 (ROE-1) U1
Added Member To Class: ClassName=U_isolator_4 Member=Component ROE-1_U_isolator_4 (ROE-1) U1
Added Member To Class: ClassName=U_isolator_3 Member=Component SI1_U_isolator_3 (SI1) Si8600AC-B-IS
Added Member To Class: ClassName=U_isolator_4 Member=Component SI1_U_isolator_4 (SI1) Si8600AC-B-IS
Added Member To Class: ClassName=U_isolator_3 Member=Component VR2_U_isolator_3 (VR2) Volt Reg
Added Member To Class: ClassName=U_isolator_4 Member=Component VR2_U_isolator_4 (VR2) Volt Reg
