Added Component: Designator=ROE-1_U_isolator_3(HDR1X4)
Added Component: Designator=SI1_U_isolator_3(SOIC-8)
Added Pin To Net: NetName=NetP13_2 Pin=ROE-1_U_isolator_3-1
Added Pin To Net: NetName=NetD1_2 Pin=ROE-1_U_isolator_3-2
Added Pin To Net: NetName=NetP7_1 Pin=ROE-1_U_isolator_3-3
Added Pin To Net: NetName=NetROE-1_U_isolator_3_4 Pin=ROE-1_U_isolator_3-4
Added Pin To Net: NetName=NetD1_2 Pin=SI1_U_isolator_3-1
Added Pin To Net: NetName=NetR7_U_isolator_3_1 Pin=SI1_U_isolator_3-2
Added Pin To Net: NetName=NetR6_U_isolator_3_1 Pin=SI1_U_isolator_3-3
Added Pin To Net: NetName=NetP13_2 Pin=SI1_U_isolator_3-4
Added Pin To Net: NetName=NetP7_1 Pin=SI1_U_isolator_3-5
Added Pin To Net: NetName=NetP7_2 Pin=SI1_U_isolator_3-6
Added Pin To Net: NetName=NetP7_3 Pin=SI1_U_isolator_3-7
Added Pin To Net: NetName=NetP8_1 Pin=SI1_U_isolator_3-8
Added Member To Class: ClassName=U_isolator_4 Member=Component R6_U_isolator_4 (R6) Res1
Added Member To Class: ClassName=U_isolator_4 Member=Component R7_U_isolator_4 (R7) Res1
Added Member To Class: ClassName=U_isolator_4 Member=Component R9_U_isolator_4 (R9) Res1
Added Member To Class: ClassName=U_isolator_3 Member=Component ROE-1_U_isolator_3 (ROE-1) U1
Added Member To Class: ClassName=U_isolator_3 Member=Component SI1_U_isolator_3 (SI1) Si8600AC-B-IS
Added Member To Class: ClassName=U_isolator_4 Member=Component SI1_U_isolator_4 (SI1) Si8600AC-B-IS
